2015-12-01T10:19:56.842Z - info: 
 MYSQL @@@@@@ fetchHomeBrandTilesInfo 
 select t1.*,t2.*,t2.name as sellerName from tbl_product t1, tbl_seller t2, tbl_seller_product t3 where t1.id = t3.product_id and t2.id = t3.seller_id and t2.city ='BENGALURU'
2015-12-01T10:19:58.676Z - info: 
 MYSQL @@@@@@ fetchDistinctCities 
 SELECT tbl_seller.city,tbl_seller.id,tbl_seller.name as retailerName,tbl_product.name,tbl_product.brandName FROM tbl_seller                 INNER JOIN tbl_product ON tbl_seller.id=tbl_product.id
2015-12-01T10:19:58.717Z - info: 
 MYSQL @@@@@@ fetchHomeBrandTilesInfo 
 select t1.*,t2.*,t2.name as sellerName from tbl_product t1, tbl_seller t2, tbl_seller_product t3 where t1.id = t3.product_id and t2.id = t3.seller_id and t2.city ='BENGALURU'
2015-12-01T10:33:53.783Z - info: 
 CSV File Upload : csv_data.csv
2015-12-01T10:36:07.704Z - info: 
 CSV File Upload : csv_data.csv
2015-12-01T10:37:42.978Z - info: 
 CSV File Upload : csv_data.csv
2015-12-01T10:39:52.986Z - info: 
 CSV File Upload : csv_data.csv
2015-12-01T10:40:16.706Z - info: 
 MYSQL @@@@@@ fetchDistinctCities 
 SELECT tbl_seller.city,tbl_seller.id,tbl_seller.name as retailerName,tbl_product.name,tbl_product.brandName FROM tbl_seller                 INNER JOIN tbl_product ON tbl_seller.id=tbl_product.id
2015-12-01T10:40:16.909Z - info: 
 MYSQL @@@@@@ fetchHomeBrandTilesInfo 
 select t1.*,t2.*,t2.name as sellerName from tbl_product t1, tbl_seller t2, tbl_seller_product t3 where t1.id = t3.product_id and t2.id = t3.seller_id and t2.city ='BENGALURU'
